[CommunicationLog]
S [03ABB222] : (34)
S [03ABB176] : (4100046000001)
S [03ABB176] : (34)
S [03ABB176] : (4100046000001)
S [03ABAC65] : (35)
S [03AB99A8] : (34)
R [03AB95B1] : 00
S [03AB95B1] : (34)
R [03AB95B1] : 00
S [03AB95B1] : (34)
R [03AB91B9] : 00
S [03AB91B9] : (34)
R [03AB91B9] : 00
S [03AB91B9] : (34)
R [03AB8DC1] : 00
S [03AB8DC1] : (34)
R [03AB8DC1] : 00
S [03AB8DC1] : (34)
R [03AB89CA] : 00
S [03AB89CA] : (34)
R [03AB89CA] : 00
S [03AB89CA] : (34)
R [03AB85D2] : 00
S [03AB85D2] : (34)
R [03AB85D2] : 00
S [03AB85D2] : (34)
R [03AB81DA] : 00
S [03AB81DA] : (34)
R [03AB81DA] : 00
S [03AB81DA] : (34)
R [03AB7DE3] : 00
S [03AB7DE3] : (34)
R [03AB7DE3] : 00
S [03AB7DE3] : (34)
R [03AB79EB] : 00
S [03AB79EB] : (34)
R [03AB79EB] : 00
S [03AB79EB] : (34)
R [03AB75F4] : 00
S [03AB75F4] : (34)
R [03AB75F4] : 00
S [03AB75F4] : (34)
R [03AB71FC] : 00
S [03AB71FC] : (34)
R [03AB71FC] : 00
S [03AB71FC] : (34)
R [03AB6E04] : 00
S [03AB6E04] : (34)
R [03AB6E04] : 00
S [03AB6E04] : (34)
R [03AB6A0D] : 00
S [03AB6A0D] : (34)
R [03AB6A0D] : 00
S [03AB6A0D] : (34)
R [03AB6615] : 00
S [03AB6615] : (34)
R [03AB6615] : 00
S [03AB6615] : (34)
R [03AB621D] : 00
S [03AB621D] : (34)
R [03AB621D] : 00
S [03AB621D] : (34)
R [03AB5E26] : 00
S [03AB5E26] : (34)
R [03AB5E26] : 00
S [03AB5E26] : (34)
R [03AB5A2E] : 00
S [03AB5A2E] : (34)
R [03AB5A2E] : 00
S [03AB5A2E] : (34)
R [03AB5637] : 00
S [03AB5637] : (34)
R [03AB5637] : 00
S [03AB5637] : (34)
R [03AB523F] : 00
S [03AB523F] : (34)
R [03AB523F] : 00
S [03AB523F] : (34)
R [03AB4E47] : 00
S [03AB4E47] : (34)
R [03AB4E47] : 00
S [03AB4E47] : (34)
R [03AB4A50] : 00
S [03AB4A50] : (34)
R [03AB4A50] : 00
S [03AB4A50] : (34)
R [03AB4658] : 00
S [03AB4658] : (34)
R [03AB4658] : 00
S [03AB4658] : (34)
R [03AB4260] : 00
S [03AB4260] : (34)
R [03AB4260] : 00
S [03AB4260] : (34)
R [03AB3E69] : 00
S [03AB3E69] : (34)
R [03AB3E69] : 00
S [03AB3E69] : (34)
R [03AB3A71] : 00
S [03AB3A71] : (34)
R [03AB3A71] : 00
S [03AB3A71] : (34)
R [03AB367A] : 00
S [03AB367A] : (34)
R [03AB367A] : 00
S [03AB367A] : (34)
R [03AB3282] : 00
S [03AB3282] : (34)
R [03AB3282] : 00
S [03AB3282] : (34)
R [03AB2E8A] : 00
S [03AB2E8A] : (34)
R [03AB2E8A] : 00
S [03AB2E8A] : (34)
R [03AB2A93] : 00
S [03AB2A93] : (34)
R [03AB2A93] : 00
S [03AB2A93] : (34)
R [03AB269B] : 00
S [03AB269B] : (34)
R [03AB269B] : 00
S [03AB269B] : (34)
R [03AB22A3] : 00
S [03AB22A3] : (34)
R [03AB22A3] : 00
S [03AB22A3] : (34)
R [03AB1EAC] : 00
S [03AB1EAC] : (34)
R [03AB1EAC] : 00
S [03AB1EAC] : (34)
R [03AB1AB4] : 00
S [03AB1AB4] : (34)
R [03AB1AB4] : 00
S [03AB1AB4] : (34)
R [03AB16BD] : 00
S [03AB16BD] : (34)
R [03AB16BD] : 00
S [03AB16BD] : (34)
R [03AB12C5] : 00
S [03AB12C5] : (34)
R [03AB12C5] : 00
S [03AB12C5] : (34)
R [03AB0ECD] : 00
S [03AB0ECD] : (34)
R [03AB0ECD] : 00
S [03AB0ECD] : (34)
R [03AB0AD6] : 00
S [03AB0AD6] : (34)
R [03AB0AD6] : 00
S [03AB0AD6] : (34)
R [03AB06DE] : 00
S [03AB06DE] : (34)
R [03AB06DE] : 00
S [03AB06DE] : (34)
R [03AB02E6] : 00
S [03AB02E6] : (34)
R [03AB02E6] : 00
S [03AB02E6] : (34)
R [03AAFEEF] : 00
S [03AAFEEF] : (34)
R [03AAFEEF] : 00
S [03AAFEEF] : (34)
R [03AAFAF7] : 00
S [03AAFAF7] : (34)
R [03AAFAF7] : 00
S [03AAFAF7] : (34)
R [03AAF700] : 00
S [03AAF700] : (34)
R [03AAF700] : 00
S [03AAF700] : (34)
R [03AAF308] : 00
S [03AAF308] : (34)
R [03AAF308] : 00
S [03AAF308] : (34)
R [03AAEF10] : 00
S [03AAEF10] : (34)
R [03AAEF10] : 00
S [03AAEF10] : (34)
R [03AAEB19] : 00
S [03AAEB19] : (34)
R [03AAEB19] : 00
S [03AAEB19] : (34)
R [03AAE721] : 00
S [03AAE721] : (34)
R [03AAE721] : 00
S [03AAE721] : (34)
R [03AAE329] : 00
S [03AAE329] : (34)
R [03AAE329] : 00
S [03AAE329] : (34)
R [03AADF32] : 00
S [03AADF32] : (34)
R [03AADF32] : 00
S [03AADF32] : (34)
R [03AADB3A] : 00
S [03AADB3A] : (34)
R [03AADB3A] : 00
S [03AADB3A] : (34)
R [03AAD743] : 00
S [03AAD743] : (34)
R [03AAD743] : 00
S [03AAD743] : (34)
R [03AAD34B] : 00
S [03AAD34B] : (34)
R [03AAD34B] : 00
S [03AAD34B] : (34)
R [03AACF53] : 00
S [03AACF53] : (34)
R [03AACF53] : 00
S [03AACF53] : (34)
R [03AACB5C] : 00
S [03AACB5C] : (34)
R [03AACB5C] : 00
S [03AACB5C] : (34)
R [03AAC764] : 00
S [03AAC764] : (34)
R [03AAC764] : 00
S [03AAC764] : (34)
R [03AAC36C] : 00
S [03AAC36C] : (34)
R [03AAC36C] : 00
S [03AAC36C] : (34)
R [03AABF75] : 00
S [03AABF75] : (34)
R [03AABF75] : 00
S [03AABF75] : (34)
R [03AABB7D] : 00
S [03AABB7D] : (34)
R [03AABB7D] : 00
S [03AABB7D] : (34)
R [03AAB786] : 00
S [03AAB786] : (34)
R [03AAB786] : 00
S [03AAB786] : (34)
R [03AAB38E] : 00
S [03AAB38E] : (34)
R [03AAB38E] : 00
S [03AAB38E] : (34)
R [03AAAF96] : 00
S [03AAAF96] : (34)
R [03AAAF96] : 00
S [03AAAF96] : (34)
R [03AAAB9F] : 00
S [03AAAB9F] : (34)
R [03AAAB9F] : 00
S [03AAAB9F] : (34)
R [03AAA7A7] : 00
S [03AAA7A7] : (34)
R [03AAA7A7] : 00
S [03AAA7A7] : (34)
R [03AAA3AF] : 00
S [03AAA3AF] : (34)
R [03AAA3AF] : 00
S [03AAA3AF] : (34)
R [03AA9FB8] : 00
S [03AA9FB8] : (34)
R [03AA9FB8] : 00
S [03AA9FB8] : (34)
R [03AA9BC0] : 00
S [03AA9BC0] : (34)
R [03AA9BC0] : 00
S [03AA9BC0] : (34)
R [03AA97C9] : 00
S [03AA97C9] : (34)
R [03AA97C9] : 00
S [03AA97C9] : (34)
R [03AA93D1] : 00
S [03AA93D1] : (34)
R [03AA93D1] : 00
S [03AA93D1] : (34)
R [03AA8FD9] : 00
S [03AA8FD9] : (34)
R [03AA8FD9] : 00
S [03AA8FD9] : (34)
R [03AA8BE2] : 00
S [03AA8BE2] : (34)
R [03AA8BE2] : 00
S [03AA8BE2] : (34)
R [03AA87EA] : 00
S [03AA87EA] : (34)
R [03AA87EA] : 00
S [03AA87EA] : (34)
R [03AA83F2] : 00
S [03AA83F2] : (34)
R [03AA83F2] : 00
S [03AA83F2] : (34)
R [03AA7FFB] : 00
S [03AA7FFB] : (34)
R [03AA7FFB] : 00
S [03AA7FFB] : (34)
R [03AA7C03] : 00
S [03AA7C03] : (34)
R [03AA7C03] : 00
S [03AA7C03] : (34)
R [03AA780C] : 00
S [03AA780C] : (34)
R [03AA780C] : 00
S [03AA780C] : (34)
R [03AA7414] : 00
S [03AA7414] : (34)
